Movie Collection #1:
The Land before tim 6
The Land before time
Land before time 2
The Land Before Time three
land before time 4

Movie Collection #2:
Harry Potter 5
The Illusionist
Terminator 2

Movie Collection #3:
KISS Meets the Phantom of the Park

Movie Collection #4:
a a a a a
a aa a aa
aa aa aaa
aaa aaa a
aaaaaaaaa

Movie Collection #5:
a
b
c
d
e
f
g
h
i
j
k
l
m
n
o
p
q
r
s
t
u
v
w
x
y
z

Movie Collection #6:
a six
b 5
c four
d 3
e two
f 1
g ten
h nine
i eight
j seven
k six
l five
m four
n three
o two
p one
q 10
r 9
s 8
t 7
u 6
v 5
w 4
x 3
y 2
z 1

Movie Collection #7:
z
the zz
thE zzz
tHe zzzz
tHE zzzzz
The zzzzzz
ThE zzzzzzz
THe zzzzzzzz
THE zzzzzzzzz

Movie Collection #8:
a 1
a 2
A 3
a 4
A 5
a 6
a 7
a 8
A 9
a 10
b one
b two
b three
b four
b five
b six
B seven
B eight
b nine
B ten
B Two the Bomber King

Movie Collection #9:
Eight the Eight
Five the Five
Four the Four
Nine the Nine
One the One
Seven the Seven
Six the Six
Ten the Ten
Three the Three
Two the Two

Movie Collection #10:
The the
The the the
The the the the the
The the the the the the
The the the the the the 2
The the the the the the three

Movie Collection #11:
The One the One
One the Two
One the Three
The One the One Two
One the One Ten
The One the One Two Three
The One the One Two Three Four

Movie Collection #12:
Eight the Eight
Eleven Oceans
Eleven the Eleveny
Five the Five
Four the Four
Nine the Nine
The One the One
One the Two
One the Three
The One the One Two
One the One Ten
The One the One Two Three
The One the One Two Three Four
seven ate nine
seven eight nine
Seven the Seven
Six the Six
Ten the Ten
The the
The the the
The the the the the
The the the the the the
The the the the the the 2
The the the the the the three
Thirteen Oceans
Three the Three
Twelve Oceans
Two the Two

Movie Collection #13:
A Century of Cinema
Adaptation
Amos and Andrew
The Ant Bully
Astro Boy
Bad Lieutenant Port of Call New Orleans
Bangkok Dangerous
Best of Times
Birdy
The Boy in Blue
Bringing Out the Dead
Brubaker
Captain Corellis Mandolin
Christmas Carol the Movie
City of Angels
Con Air
The Cotton Club
The Croods
Deadfall
Drive Angry
Eightmm
Face Slash Off
The Family Man
Fast Times at Ridgemont High
Fire Birds
Frank or Francis
The Frozen Ground
G Force
Ghost Rider
Ghost Rider 2
Gone in Sixty Seconds
Grindhouse
Guarding Tess
Honeymoon in Vegas
It Could Happen to You
Italian Soldiers
Kick Ass
Kiss of Death
Knowing
Leaving Las Vegas
Lord of War
Matchstick Men
Moonstruck
National Treasure
National Treasure Two
Never on Tuesday
Next
The Outsiders
Peggy Sue Got Married
Racing with the Moon
Raising Arizona
Red Rock West
The Rock
Rumble Fish
Season of the Witch
Seeking Justice
Snake Eyes
Sonny
The Sorcerers Apprentice
Stolen
Tempo di uccidere
Too Tough to Die
Trapped in Paradise
Trespass
Valley Girl
Vampires Kiss
The Weather Man
Welcome to Hollywood
The Wicker Man
Wild at Heart
Windtalkers
World Trade Center
Zandalee

Movie Collection #14:
September of Foraging 1
ThE September of Foraging TwO
September of Foraging tHREe
September of Foraging 4
THe September of Foraging fIVe
September of Foraging 6
thE September of Foraging sevEn
September of Foraging eighT
September of Foraging nIne
September of Foraging TEn

Movie Collection #15:
Axe
Axe tHREe
Axe 4
Axe 6
Eye 5
Eye 7
tHe Eye NINe
Flatulent Roomba
Flatulent Roomba two
Flatulent Roomba 3
Flatulent Roomba foUR
Flatulent Roomba 5
Flatulent Roomba SIX
tHe Flatulent Roomba 7
Flatulent Roomba eIGhT
Flatulent Roomba 9
Flatulent Roomba 10
tHe Halo seVEn
Halo 9
Halo 10
Icy Horn
tHe Icy Horn tHREE
THE Icy Horn 4
Icy Horn 5
Icy Horn SiX
the Icy Horn 7
Icy Horn eigHt
Icy Horn 9
Icy Horn 10
The Ivory December 6
Ivory Wallet of Conquering 1
Ivory Wallet of Conquering 2
Ivory Wallet of Conquering THrEe
Ivory Wallet of Conquering 5
tHe Ivory Wallet of Conquering 8
Ivory Wallet of Conquering 10
tHE Knife of the Fierce Lockpicks 4
Knife of the Fierce Lockpicks SIx
Knife of the Fierce Lockpicks 7
Knife of the Fierce Lockpicks EIgHT
tHE Shoe 7
Shoe eiGht
Spoon of Charisma
Spoon of Charisma 2
tHe Spoon of Charisma fOur
Spoon of Charisma 5
Spoon of Charisma sIx
ThE Spoon of Charisma SEvEN
The Spoon of Charisma 8
ThE Spoon of Charisma tEn

Movie Collection #16:
Amulet 1
Amulet 2
Amulet 3
Amulet foUR
THE Amulet fiVE
Amulet 6
Amulet Seven
The Amulet 8
THe Amulet 9
Amulet 10
THe Claw of Tranquility 7
THE Fierce Vial
Fierce Vial twO
Fierce Vial 3
Fierce Vial 5
Fierce Vial SIx
Fierce Vial 7
Fierce Vial 9
Fiery Notebook of the Ancient Mugs 1
Fiery Notebook of the Ancient Mugs 2
Fiery Notebook of the Ancient Mugs fiVE
Fiery Notebook of the Ancient Mugs eIGhT
Gord ONe
June 1
The June tWo
June 3
tHe June 4
June SIX
June 9
the June ten
June of History FIve
Light Slinky TWo
Light Slinky tHREe
Light Slinky FIVe
Light Slinky 7
Light Slinky nINe
Light Slinky teN
THe Mug of Infinity TwO
Mug of Infinity 4
tHe Mug of Infinity 6
Mug of Infinity 10
Relic of Rage thREE
Relic of Rage 5
Relic of Rage 6
The Relic of Rage 10
Spine 1
Spine fOuR
Spine sIx
Spine 7
Wand fouR

Movie Collection #17:
Clockwork Stick 3
Clockwork Stick 4
Clockwork Stick fiVe
Clockwork Stick SiX
thE Clockwork Stick SEven
Clockwork Stick nine
Clockwork Stick 10
Dark March 1
Dark March 10
Dorf ONe
Dorf 2
Dorf ThRee
Dorf 4
Dorf five
tHe Dorf SEven
Dorf EIGHT
Dorf nINE
Dorf 10
Dreidel of Faeries
THe Dreidel of Faeries 7
The Dripping Sword ONe
Dripping Sword 2
Dripping Sword 3
Dripping Sword FouR
Dripping Sword sEVEn
tHE Dripping Sword Nine
THe Dripping Sword TeN
Lesser Flame 9
tHE Lesser Flame Ten
thE Orange Drumset
Orange Drumset 2
Orange Drumset tHREe
ThE Orange Drumset FIVE
Orange Drumset 6
Orange Drumset SEveN
Orange Drumset 8
Orange Drumset 9
Orange Drumset 10
The Pendulum of Charisma
Pendulum of Charisma 2
Pendulum of Charisma 3
thE Pendulum of Charisma 4
Pendulum of Charisma 5
Pendulum of Charisma siX
Pendulum of Charisma 7
Pendulum of Charisma ninE
THe Pendulum of Charisma ten
Shimmering Phial oNe
Shimmering Phial fouR
Whistle of Infinity 7

Movie Collection #18:
Ark 4
Ark eiGhT
The August 4
THE Claw
ThE Claw 2
tHe Claw three
Claw fOur
Claw fivE
the Claw 6
Claw SEveN
Claw eIGHT
tHe Claw 9
Claw 10
December of Destiny 2
Electric Wand of Beasts
Electric Wand of Beasts 2
Electric Wand of Beasts three
Electric Wand of Beasts FoUr
Electric Wand of Beasts fIVE
Electric Wand of Beasts SIx
thE Electric Wand of Beasts seVeN
Electric Wand of Beasts EIGHT
Electric Wand of Beasts 9
the Electric Wand of Beasts 10
Green Ice FoUR
The Ivory Chalice of Roughhousing two
Ivory Chalice of Roughhousing 4
Ivory Chalice of Roughhousing five
Ivory Chalice of Roughhousing eIGht
Ivory Chalice of Roughhousing NiNE
thE Ivory Chalice of Roughhousing tEn
July 1
tHe July Two
July THree
July 9
tHe Large Frigid Gauze 2
Large Frigid Gauze 3
Large Frigid Gauze foUr
thE Large Frigid Gauze 6
Large Frigid Gauze 7
Large Frigid Gauze Nine
Large Frigid Gauze TEN
November 1
The November tHReE
THe November 7
THE November 8
THE Pants 3
Pants 6
Pants 7
Pants 9
Pick 1
THe Pick 2
THE Pick 5
THe Pick ten
Rusted Botanical Cape 1
Rusted Botanical Cape 2
ThE Rusted Botanical Cape 3
Rusted Botanical Cape foUR
Rusted Botanical Cape 5
Rusted Botanical Cape 6
ThE Rusted Botanical Cape seVen
The Rusted Botanical Cape eIght
Rusted Botanical Cape 9
THE Rusted Botanical Cape 10
Shimmering Magician
Shimmering Magician TWO
Shimmering Magician 3
Shimmering Magician 4
Shimmering Magician 5
ThE Shimmering Magician 8
Shimmering Magician nInE
Shimmering Magician teN
the Slippery Hammer
Slippery Hammer TWo
tHE Slippery Hammer three
Slippery Hammer FoUr
Slippery Hammer FiVe
The Slippery Hammer Six
Slippery Hammer 7
thE Slippery Hammer 8
Slippery Hammer 9
Slippery Hammer TEn
Spoon 2
Spoon FouR
Spoon 6
ThE Spoon 7
tHe Spoon 9
Swelling Magician onE
ThE Swelling Magician Two
ThE Swelling Magician 4
Swelling Magician fIVe
Swelling Magician 6
Swelling Magician 7
Swelling Magician EIGhT
Swelling Magician nINE
Wallet of Magi ONe
Wallet of Magi 2
Wallet of Magi 4
Wallet of Magi FIVe
thE Wallet of Magi EIgHT

Movie Collection #19:
the Archaic Sand tWo
thE Articulate Cross 1
Articulate Cross twO
Articulate Cross FivE
tHE Articulate Cross seVeN
Articulate Cross eiGHT
Articulate Cross nINe
Articulate Cross 10
Blouse FoUr
Bright Pendulum 2
Bright Pendulum FoUr
Bright Pendulum fiVE
Bright Pendulum 7
Bright Pendulum 8
THe Bright Pendulum tEN
the Chilled Clock 4
tHe Chilled Clock FIvE
the Chilled Clock 7
Chilled Clock EIgHT
Chilled Vial 9
Claw 2
Claw thrEE
Claw 5
Claw 7
Claw 8
Claw NIne
THe Clockwork Engine 1
ThE Clockwork Engine 2
Clockwork Engine tHREE
Clockwork Engine fOuR
Clockwork Engine SIX
tHE Clockwork Engine SEVEn
Clockwork Engine eiGht
Crumbling Stick
Crumbling Stick Two
Crumbling Stick 3
Crumbling Stick 4
ThE Crumbling Stick five
Crumbling Stick 6
Crumbling Stick seVen
tHe Crumbling Stick EiGHt
Crumbling Stick nInE
The Crumbling Stick TEN
the Drumset SEVEN
THe Engine of Fretting 1
Engine of Fretting thREe
Engine of Fretting FiVe
Engine of Fretting SEVEN
Engine of Fretting ten
Guitar fOur
tHE Guitar 6
tHe Notebook Two
THe Notebook 3
Notebook 4
thE Notebook fIvE
Notebook Six
Notebook SevEn
Notebook eIGht
Poisoned Mask of Faeries 3
Poisoned Mask of Faeries 9
the Poisoned Mask of Faeries 10
ThE Raging Rotor of Swords one
Raging Rotor of Swords TwO
tHe Raging Rotor of Swords 5
The Raging Rotor of Swords SIx
Raging Rotor of Swords 9
THE Raging Rotor of Swords 10
Rotting February
tHE Rotting February 2
Rotting February 3
THe Rotting February 4
Rotting February FIVE
thE Rotting February 6
ThE Rotting February 7
Rotting February 9
Stick twO
Sword
The Sword 2
the Sword THrEe
Sword 4
Sword five
Sword sIx
Sword EIgHT
Sword 9
Sword 10
Symbiotic Dwarf 3
Symbiotic Dwarf 6
Symbiotic Dwarf 7
Symbiotic Dwarf NinE
Trumpet of Dwarves
the Trumpet of Dwarves two
THE Trumpet of Dwarves tHRee
Trumpet of Dwarves FOUR
Trumpet of Dwarves Five
Trumpet of Dwarves Six
Trumpet of Dwarves 7
tHe Trumpet of Dwarves eiGht
Trumpet of Dwarves NIne
Unholy Fierce Sack Two
Unholy Fierce Sack 10

Movie Collection #20:
Beetle of Energy 1
THE Binder 2
Binder ThREE
Binder fOur
THe Binder 5
ThE Binder siX
Binder 8
Book
the Book three
The Book FouR
Book nInE
tHe Book TEN
THe Diamond of Willpower 5
Diamond of Willpower EIgHt
Diamond of Willpower 10
Disproportionate Sack three
tHE Disproportionate Sack 8
Dripping Dreidel 7
Gassy February foUr
Gassy February FIVe
Gassy February 6
Gord oNe
Gord 2
Gord tHREe
Gord 4
Gord fIvE
Gord eigHT
Gord 9
tHE Gord 10
Greater Box 2
Greater Box 3
Greater Box 4
Greater Box 5
Greater Box SiX
Greater Box NiNe
The Greater Box 10
Halo of the Calculators FIVe
Halo of the Calculators 6
The Halo of the Calculators SevEN
Hat six
THe Hourglass one
THe Hourglass Two
Ivory Dagger
Ivory Dagger 2
Ivory Dagger 3
the Ivory Dagger 4
Ivory Dagger FIve
Ivory Dagger six
Ivory Dagger 7
June 4
Lute 2
Lute 10
the Notebook 1
Notebook TwO
Notebook ThRee
Notebook 5
Notebook sIx
Notebook eIGhT
Notebook 10
Onyx December 2
THe Onyx December fIve
Onyx December tEN
tHE Orange Sword of Depawing 2
Orange Sword of Depawing four
Orange Sword of Depawing ninE
Round Disproportionate Guitar FouR
The Scientific Vial
THe Scientific Vial tHree
Scientific Vial 6
Scientific Vial 8
tHe Staff of Roasting One
Staff of Roasting 2
Staff of Roasting 3
ThE Staff of Roasting fOUr
Staff of Roasting FIvE
Staff of Roasting 6
tHe Staff of Roasting 7
thE Staff of Roasting ninE
Staff of Roasting 10
the Vortex
ThE Vortex 2
Vortex THRee
Vortex 4
Vortex 5
Vortex sEVeN
Vortex 10
Wallet of the Savage Ices fIVe
the Wallet of the Savage Ices sEvEN
Wallet of the Savage Ices 8
Wallet of the Savage Ices TeN
Whistle 1
Whistle tWO
Whistle ThReE
Whistle 4
Whistle Five
Whistle 6
Whistle SEvEn
Whistle 8
The Whistle 9
Whistle Ten

Movie Collection #21:
THE Acidic Chalice
the Acidic Chalice 2
tHE Acidic Chalice 3
THE Acidic Chalice Four
Acidic Chalice FIVE
Acidic Chalice sIx
The Acidic Chalice SeVeN
Acidic Chalice eIGHT
Acidic Chalice nInE
Acidic Chalice TEn
tHe Acidic Staff 1
Acidic Staff 2
tHE Acidic Staff 3
Acidic Staff 4
Acidic Staff 5
Acidic Staff 6
Acidic Staff 7
tHe Acidic Staff 8
Acidic Staff TEn
Artificial December TwO
Artificial December 3
ThE Artificial December 4
tHE Artificial December 5
the Artificial December 6
Artificial December SEvEN
Artificial December 8
ThE Artificial December 9
THE Artificial December Ten
tHE Blessed March
Blessed March six
Blessed March SeveN
tHe Blessed March 9
THe Blessed March 10
tHE Dorf
Dorf tWO
Dorf 3
THe Dorf four
Dorf FIVe
Dorf SiX
Dorf 7
Dorf 8
Dorf niNE
Dorf Ten
The Drumset of Magi One
THe Drumset of Magi fIVE
Drumset of Magi 6
Drumset of Magi EIght
Drumset of Magi ten
THE Eulerian Dorf 5
Flame 2
Flame eIghT
Hat ThREe
ThE Hat fOUR
Hat fIVE
Hat SeVEN
Ice two
tHE Ice thReE
thE Ice Five
Ice sevEN
tHE Ice 8
Ice tEN
THe Notebook
Notebook tWO
Notebook 6
Notebook SEVEN
ThE Poisoned Ice 1
Poisoned Ice Two
Poisoned Ice 5
Rotor of Glaciers 2
THE Rotor of Glaciers 3
Rotor of Glaciers FOUR
Rotor of Glaciers 5
Rotor of Glaciers 6
Rotor of Glaciers 7
Rotor of Glaciers 9
tHE Rotor of Glaciers 10
Sapphire 1
THe Sapphire 2
Sapphire 3
Sapphire 4
tHE Sapphire fivE
Sapphire 6
Sapphire SeVEn
Sapphire TEn
THE Scientific Gord of Peace 2
Scientific Gord of Peace ThREe
Scientific Gord of Peace fIVE
The Scientific Gord of Peace 6
the Scientific Gord of Peace 7
ThE Scientific Gord of Peace 8
thE Scientific Gord of Peace 9
ThE Scientific Gord of Peace teN
Spine
Spine twO
Spine four
Spine 5
Spine 6
Spine sEVEN
the Spine 8
Spine 10

Movie Collection #22:
Chromatic Stick 2
The Chromatic Stick 3
Chromatic Stick 5
Chromatic Stick sIx
Chromatic Stick 7
Chromatic Stick TEn
Corpulent Diary one
tHE Corpulent Diary 2
Corpulent Diary THReE
Corpulent Diary 4
Corpulent Diary fivE
ThE Corpulent Diary 7
Corpulent Diary EiGHT
Corpulent Diary nINE
Cup 6
December 3
tHE December 5
December 6
December NInE
December 10
tHe Deck 2
Deck Three
Deck 4
Deck 5
Deck 6
Deck 7
Deck eight
Drumset ONE
The Drumset 3
Drumset fOur
tHe Drumset 5
THE Drumset Six
Drumset seVEN
Drumset eigHT
Drumset 9
Drumset TEN
THE Fierce Knife
Fierce Knife 3
Fierce Knife FOuR
Fierce Knife 5
the Fierce Knife sEVen
Fierce Knife eIghT
THE Fierce Knife NInE
Fierce Knife 10
the Flame OnE
Flame 2
The Flame 3
Flame six
Flame 7
Flame 8
the Flame 9
The Flame ten
THE Flaming Gord onE
Flaming Gord ThREE
Flaming Gord 7
Frigid Bowl
Frigid Bowl 2
the Frigid Bowl ThrEE
Frigid Bowl eiGHt
Frigid Bowl nInE
Frigid Bowl TEn
Frozen Volatile Sand 2
Frozen Volatile Sand six
Frozen Volatile Sand 8
ThE Frozen Volatile Sand 10
Gassy July 1
THe Gassy July tWO
Gassy July THRee
Gassy July 4
The Gassy July fIve
Gassy July 6
Gassy July seVEn
Gassy July eiGhT
Gassy July nInE
Gassy July teN
Guitar 2
Guitar Six
Guitar SEVEn
Guitar EigHt
Guitar ten
Horn
ThE Horn tWo
Horn tHreE
tHE Horn Five
tHe Horn 6
Horn sEven
thE Horn 8
Horn NiNE
Horn tEn
Roomba THreE
Roomba 4
Roomba SIx
THe Roomba 7
Roomba 8
Roomba of Destiny
Roomba of Destiny 2
Roomba of Destiny 4
Roomba of Destiny FivE
tHe Roomba of Destiny EIGHT
Roomba of Destiny NINE

Movie Collection #23:
Arbitrary Rotor 2
Arbitrary Rotor FOUr
Arbitrary Rotor sIx
Book
Book tWO
Book ThRee
the Book 4
Book 5
Book 6
Book 7
Book ninE
tHe Book TEN
Botanical Trumpet TWo
Botanical Trumpet 4
Botanical Trumpet FiVE
Botanical Trumpet sEVen
Botanical Trumpet 8
Botanical Trumpet 10
Bowl TWO
tHE Bowl 3
The Bowl SEVen
Bowl 8
tHE Calculator 2
THE Calculator THrEE
Calculator FoUr
Calculator 5
thE Calculator SIX
tHe Calculator 8
The Calculator 9
Calculator 10
Dark Deck of Grinding SIX
Engine ONe
tHe Engine 2
Engine FOUR
Engine FiVE
Engine sIx
The Engine 7
Engine 10
Freezing Hourglass 6
Freezing Hourglass sEvEn
tHE Freezing Hourglass 8
Freezing Hourglass 9
Freezing Hourglass 10
THe Gazebo 1
Gazebo TwO
Gazebo ThreE
Gazebo 5
Gazebo sEVEn
Gazebo 9
Gazebo teN
June 1
June 2
June THReE
June 6
June NinE
Large Cape oNe
tHe Large Cape 3
Large Cape 4
Large Cape fiVe
Large Cape 6
The Large Cape 7
thE Large Cape 8
Large Cape 9
Lute
Lute 4
THe Lute 6
The Lute SeVEn
THe Lute 9
Lute 10
THE Mask
Mask tWO
Mask 3
Mask 4
Mask fiVE
Mask siX
Mask sEVEN
Mask EIGHt
Mask 9
Mask 10
ThE Monotone Roomba FOuR
Pendulum seVEn
Pendulum eIght
tHe Pendulum 9
The Pendulum 10
Rusted Engine 1
Rusted Engine 2
Rusted Engine 4
Rusted Engine five
Rusted Engine 6
Rusted Engine EIght
Rusted Engine 9
THe Rusted Engine ten
Shimmering Helmet
tHE Shimmering Helmet THreE
THE Shimmering Helmet fIVe
thE Shimmering Helmet 6
Shimmering Helmet 7
Shimmering Helmet 8
Shimmering Helmet ninE
Shimmering Helmet ten

Movie Collection #24:
Ancient Knife 6
Ancient Knife 7
THE Azure October 1
Azure October 5
tHE Azure October 8
Azure October nInE
Azure October 10
Azure Staff 1
The Azure Staff THREe
The Azure Staff 4
Azure Staff 5
Azure Staff 6
Azure Staff 7
Botanical Spine of Swords 3
Botanical Spine of Swords 4
Botanical Spine of Swords 8
Claw of the Rabbits TWO
Claw of the Rabbits ThreE
Claw of the Rabbits FouR
Claw of the Rabbits fiVe
Claw of the Rabbits 7
The Claw of the Rabbits eigHt
THE Claw of the Rabbits nine
Claw of the Rabbits 10
ThE Cross of Fretting TWo
Dreidel of Harmony
Dreidel of Harmony TWo
thE Dreidel of Harmony 3
Dreidel of Harmony FoUr
tHE Dreidel of Harmony 5
Dreidel of Harmony seVen
Dreidel of Harmony eiGhT
Emerald
Emerald twO
Emerald ThreE
The Emerald FIve
THe Emerald six
Emerald seven
Emerald 8
THE Emerald 9
ThE Emerald 10
Eulerian Stick of the Haunted Swords
Eulerian Stick of the Haunted Swords 3
Eulerian Stick of the Haunted Swords sIX
The Feathered Cross
The Feathered Cross 3
Feathered Cross fOUR
Feathered Cross fIVe
Feathered Cross six
Feathered Cross NiNe
Feathered Cross 10
Gassy Bone of the Lutes
Gassy Bone of the Lutes 3
Gassy Bone of the Lutes 7
Gassy Bone of the Lutes eIghT
THe Gassy Bone of the Lutes 9
Gassy Bone of the Lutes tEn
Gord two
Gord tEN
tHE Guitar 4
tHE Guitar seVen
Guitar nINe
Iron Crossbow of the Septembers 6
June ten
THe Knife of Beasts nIne
Magical Cross
ThE Magical Cross TWO
The Magical Cross Three
THE Magical Cross 4
the Magical Cross FiVe
Magical Cross SiX
Magical Cross sevEN
Magical Cross EigHT
Magical Cross NInE
ThE Magical Cross tEn
March nInE
Notebook FiVe
November
thE November 2
November FoUr
November 5
November 7
November 8
the November 9
ThE November Ten
Pendulum 1
THe Pendulum Five
THe Pendulum EighT
Pendulum 10
Phial 3
THE Phial 6
the Phial EiGHT
Phial nIne
Shocking Bolas onE
Shocking Bolas 2
Shocking Bolas four
Shocking Bolas Five
Shocking Bolas SiX
ThE Shocking Bolas 8
Shocking Bolas NiNe

Movie Collection #25:
The Arbitrary Corpulent Papaya of Fishing
Arbitrary Corpulent Papaya of Fishing tWo
Arbitrary Corpulent Papaya of Fishing 3
tHE Arbitrary Corpulent Papaya of Fishing 4
THE Arbitrary Corpulent Papaya of Fishing 6
the Arbitrary Corpulent Papaya of Fishing SeveN
the Arbitrary Corpulent Papaya of Fishing 8
Arbitrary Corpulent Papaya of Fishing 9
Arbitrary Corpulent Papaya of Fishing tEN
Artificial Vial of the Boots 7
Artificial Vial of the Boots EiGHT
the Artificial Vial of the Boots 10
tHe Clockwork Armoire of the Blessed Knifes 4
The Clockwork Armoire of the Blessed Knifes 6
Clockwork Armoire of the Blessed Knifes sEVeN
Clockwork Armoire of the Blessed Knifes EiGht
Clockwork Armoire of the Blessed Knifes 9
Feathered Pauldron of Power
thE Feathered Pauldron of Power fiVe
Feathered Pauldron of Power EIGhT
THe Feathered Pauldron of Power 9
tHE Feathered Pauldron of Power teN
Fiery Claw of Hollering 1
tHE Fiery Claw of Hollering 2
ThE Fiery Claw of Hollering 4
Fiery Claw of Hollering FiVe
Fiery Claw of Hollering Six
tHe Fiery Claw of Hollering 7
Fiery Claw of Hollering 9
Fiery Claw of Hollering 10
Frozen Dreidel of the Sapphires 1
Frozen Dreidel of the Sapphires twO
THE Frozen Dreidel of the Sapphires ThREE
tHE Frozen Dreidel of the Sapphires foUr
thE Frozen Dreidel of the Sapphires fiVe
tHe Frozen Dreidel of the Sapphires 7
Frozen Dreidel of the Sapphires 8
Frozen Dreidel of the Sapphires NiNe
thE Frozen Dreidel of the Sapphires 10
THe Glowing Knife of the Swelling Sticks
tHE Glowing Knife of the Swelling Sticks 2
Glowing Knife of the Swelling Sticks THrEE
Glowing Knife of the Swelling Sticks nInE
Glowing Knife of the Swelling Sticks 10
Living Eye of the Mugs
Living Eye of the Mugs Two
Living Eye of the Mugs 3
tHE Living Eye of the Mugs foUr
THE Living Eye of the Mugs 7
THE Living Eye of the Mugs NiNE
Living Eye of the Mugs tEn
Lonely Pendulum of Infinity ONE
Lonely Pendulum of Infinity 2
Lonely Pendulum of Infinity tHREe
thE Lonely Pendulum of Infinity nINe
tHe Magical Gazebo of Horticulture one
tHe Magical Gazebo of Horticulture 2
Magical Gazebo of Horticulture 4
Magical Gazebo of Horticulture sIx
Magical Gazebo of Horticulture SEVeN
Magical Gazebo of Horticulture 9
Magical Gazebo of Horticulture 10
Musical Small Chalice of the Ebony Gords 1
Musical Small Chalice of the Ebony Gords THREE
Musical Small Chalice of the Ebony Gords 7
Musical Small Chalice of the Ebony Gords 9
the Ornate Cord of Tsundering 6
Ornate Cord of Tsundering 10
Ornate Iron January of Hollering eigHT
Ornate Iron January of Hollering NInE
Purple Crossbow of the Magical Claws
Purple Pants of Tradewinds 1
thE Purple Pants of Tradewinds 3
Purple Pants of Tradewinds six
Purple Pants of Tradewinds 7
Purple Pants of Tradewinds 8
Raging Keen Bone of the Gassy Coins 2
Raging Keen Bone of the Gassy Coins ThRee
Raging Keen Bone of the Gassy Coins foUR
tHE Raging Keen Bone of the Gassy Coins 5
Raging Keen Bone of the Gassy Coins 7
Raging Keen Bone of the Gassy Coins 8
Raging Keen Bone of the Gassy Coins NIne
tHE Raging Keen Bone of the Gassy Coins 10
THe Rambunctious Electric Hammer of the Decks
Red Greater August of Glaciers NiNe
tHe Round Wallet of the Paintbrushs Eight
Round Wallet of the Paintbrushs TEn
Scientific Bolas of Pruning OnE
tHE Scientific Bolas of Pruning Two
the Scientific Bolas of Pruning tHrEe
Scientific Bolas of Pruning 4
Scientific Bolas of Pruning 5
The Scientific Bolas of Pruning SIX
Stupendous Freezing Cord of the Picks foUr
tHE Stupendous Freezing Cord of the Picks 6
Stupendous Freezing Cord of the Picks seven
Stupendous Freezing Cord of the Picks 8
Stupendous Freezing Cord of the Picks nIne
Stupendous Freezing Cord of the Picks ten

Movie Collection #26:
Amplified Magician of the Swords
Amplified Magician of the Swords 2
Amplified Magician of the Swords THreE
Amplified Magician of the Swords 4
Amplified Magician of the Swords FiVE
tHe Amplified Magician of the Swords 6
Amplified Magician of the Swords sEven
the Ancient Sand of the Septembers sIX
Ancient Sand of the Septembers SeVEn
Bright Light Book of Grinding One
Bright Light Book of Grinding two
tHE Bright Light Book of Grinding FIVe
ThE Bright Light Book of Grinding 6
tHE Bright Light Book of Grinding 7
Bright Light Book of Grinding 9
Bright Light Book of Grinding 10
Broken Round Sword of the Careful Boxs
Broken Round Sword of the Careful Boxs TWo
Broken Round Sword of the Careful Boxs 3
tHE Broken Round Sword of the Careful Boxs Four
Broken Round Sword of the Careful Boxs 5
Broken Round Sword of the Careful Boxs siX
Broken Round Sword of the Careful Boxs Seven
Broken Round Sword of the Careful Boxs 8
tHE Broken Round Sword of the Careful Boxs nINE
Broken Round Sword of the Careful Boxs ten
tHE Crumbling Whirring Claw of Flaying 5
Ebony Fierce Sack of the Corpulent Locks
Ebony Fierce Sack of the Corpulent Locks 2
THe Ebony Fierce Sack of the Corpulent Locks 3
Ebony Fierce Sack of the Corpulent Locks FoUr
tHE Ebony Fierce Sack of the Corpulent Locks NINE
Ebony Fierce Sack of the Corpulent Locks 10
Eulerian Claw of Swords 9
Eulerian Edged Mask of Unclogging 1
ThE Eulerian Edged Mask of Unclogging 2
Eulerian Edged Mask of Unclogging SiX
Eulerian Edged Mask of Unclogging SeVeN
ThE Eulerian Edged Mask of Unclogging 8
Eulerian Edged Mask of Unclogging 9
Eulerian Edged Mask of Unclogging 10
Fierce Black August of Peace one
Fierce Black August of Peace tWO
Fierce Black August of Peace 3
Fierce Black August of Peace 4
Fierce Black August of Peace fiVe
Fierce Black August of Peace SIX
Fierce Black August of Peace 7
Fierce Black August of Peace 8
Fierce Black August of Peace NINE
Fierce Black August of Peace 10
THE Magical Eulerian October of Unclogging 4
Mishapen Dripping Helmet of Computing 1
tHE Mishapen Dripping Helmet of Computing two
Mishapen Dripping Helmet of Computing fOUR
Mishapen Dripping Helmet of Computing 5
Mishapen Dripping Helmet of Computing 6
Musical Relic of the Troopers
tHe Musical Relic of the Troopers 2
Musical Relic of the Troopers three
Musical Relic of the Troopers fOUR
Musical Relic of the Troopers fIvE
Musical Relic of the Troopers 6
Musical Relic of the Troopers sEVEn
Musical Relic of the Troopers eIGhT
Musical Relic of the Troopers 9
Orange Engine of Suckling
tHE Orange Engine of Suckling 2
Orange Engine of Suckling THREe
Orange Engine of Suckling FIve
Orange Engine of Suckling SiX
Orange Engine of Suckling seVen
Orange Engine of Suckling EIgHt
Orange Engine of Suckling nInE
ThE Orange Engine of Suckling 10
Rotting Wallet of the Gassy Scythes 2
Rotting Wallet of the Gassy Scythes 3
Rotting Wallet of the Gassy Scythes 4
Rotting Wallet of the Gassy Scythes 5
Rotting Wallet of the Gassy Scythes Six
tHE Rotting Wallet of the Gassy Scythes 7
Rotting Wallet of the Gassy Scythes 9
Rotting Wallet of the Gassy Scythes TEN
Savage Claw of Roasting
Savage Claw of Roasting 2
Savage Claw of Roasting 3
Savage Claw of Roasting Four
tHe Savage Claw of Roasting 5
thE Savage Claw of Roasting 6
Savage Claw of Roasting 7
Savage Claw of Roasting eIGHT
Savage Claw of Roasting NINe
tHe Savage Claw of Roasting TEN
the Stupendous September of the Eulerian Boots 2
Stupendous September of the Eulerian Boots 4
Stupendous September of the Eulerian Boots SIx
Stupendous September of the Eulerian Boots 7
Stupendous September of the Eulerian Boots EiGhT
Stupendous September of the Eulerian Boots NinE
Stupendous September of the Eulerian Boots tEn

Movie Collection #27:
ThE Articulate Cord of the Vials FIVe
Articulate Cord of the Vials 6
Articulate Cord of the Vials nINe
Articulate Crossbow of Tsundering 1
Articulate Crossbow of Tsundering two
Articulate Crossbow of Tsundering 7
Articulate Crossbow of Tsundering NINE
Articulate Crossbow of Tsundering tEN
Brilliant Greater June of the Coins EigHT
Brilliant Greater June of the Coins 10
Dark Large Mask of Depawing ONe
Dark Large Mask of Depawing 2
THe Dark Large Mask of Depawing 3
the Dark Large Mask of Depawing fIve
Dark Large Mask of Depawing 6
Dark Large Mask of Depawing 9
Edged June of the Arcane Flames
Edged June of the Arcane Flames SEVEn
tHe Edged June of the Arcane Flames nine
Flatulent Bone of Dexterity 7
THE Flatulent Bone of Dexterity 8
Flatulent Bone of Dexterity 9
Flatulent Bone of Dexterity TEN
Flatulent January of the Vials Two
Flatulent January of the Vials tHReE
tHe Flatulent January of the Vials 4
tHE Flatulent January of the Vials SIx
THE Flatulent January of the Vials 7
THe Flatulent January of the Vials 8
tHe Flatulent January of the Vials teN
Frozen Freezing Ether of the Swords TwO
Frozen Freezing Ether of the Swords 3
Frozen Freezing Ether of the Swords 4
tHe Frozen Freezing Ether of the Swords 7
The Frozen Freezing Ether of the Swords 8
the Frozen Freezing Ether of the Swords Nine
Frozen Freezing Ether of the Swords 10
Greater Greater Paintbrush of Swords 2
Greater Greater Paintbrush of Swords 3
tHE Greater Greater Paintbrush of Swords fOuR
Greater Greater Paintbrush of Swords eIGhT
Greater Greater Paintbrush of Swords 9
Greater Greater Paintbrush of Swords 10
Iron Chromatic Sand of the Bright Julys
Iron Chromatic Sand of the Bright Julys 2
tHe Iron Chromatic Sand of the Bright Julys 3
Iron Chromatic Sand of the Bright Julys fOuR
Iron Chromatic Sand of the Bright Julys 5
the Iron Chromatic Sand of the Bright Julys 6
Iron Chromatic Sand of the Bright Julys 7
the Iron Chromatic Sand of the Bright Julys eiGhT
Iron Chromatic Sand of the Bright Julys 9
Iron Chromatic Sand of the Bright Julys 10
Large Axe of the Freezing Sapphires 2
Large Axe of the Freezing Sapphires 4
Large Axe of the Freezing Sapphires 6
Large Axe of the Freezing Sapphires 7
tHE Large Gassy Crest of Peace 7
Large Gassy Crest of Peace 8
Large Keen Flame of Bluffing 2
Large Keen Flame of Bluffing 3
tHe Large Keen Flame of Bluffing FOUR
THe Large Keen Flame of Bluffing FiVe
Large Keen Flame of Bluffing sIX
tHe Large Keen Flame of Bluffing 7
THE Large Keen Flame of Bluffing eiGHt
Large Keen Flame of Bluffing NInE
Large Keen Flame of Bluffing TEN
Lesser Fiery Gazebo of the Chaotic Boots 5
ThE Lesser Fiery Gazebo of the Chaotic Boots 7
Light Clock of the Lutes One
Light Clock of the Lutes 2
Light Clock of the Lutes FOur
THE Light Clock of the Lutes Five
Light Clock of the Lutes Six
ThE Light Clock of the Lutes SeVEn
Light Clock of the Lutes 8
tHE Light Clock of the Lutes nIne
Light Clock of the Lutes 10
Ochre Orb of the Beetles
The Ochre Orb of the Beetles sEVEn
Ochre Orb of the Beetles EIghT
thE Ornate Ornate Blouse of Bluffing
Ornate Ornate Blouse of Bluffing fIve
ThE Shimmering Gauze of Faeries 2
Shimmering Gauze of Faeries thrEE
Shimmering Gauze of Faeries 4
Shimmering Gauze of Faeries fivE
thE Shimmering Gauze of Faeries 7
Shimmering Gauze of Faeries EIgHT
Shimmering Gauze of Faeries nINE
tHE Shimmering Gauze of Faeries tEn
Vorpal Trooper of Glaciers tHree
Vorpal Trooper of Glaciers FIve
Wet Magical Hourglass of the Haunted Trumpets 9
Wet Raging Terrarium of Singing 1
Wet Raging Terrarium of Singing SiX
Wet Raging Terrarium of Singing 7
Wet Raging Terrarium of Singing 8
tHe Wet Raging Terrarium of Singing TEn

Movie Collection #28:
the Acidic Fire of Fishing 6
Bouncing Articulate Ball of Tsundering twO
Bouncing Articulate Ball of Tsundering 4
Bouncing Articulate Ball of Tsundering fIVE
Bouncing Articulate Ball of Tsundering 6
Bouncing Articulate Ball of Tsundering 7
Bouncing Articulate Ball of Tsundering NiNE
Bouncing Articulate Ball of Tsundering TEN
Bright Green January of Unclogging oNE
the Bright Green January of Unclogging 3
Bright Green January of Unclogging fIvE
Bright Green January of Unclogging 6
Broken Gauze of the Enchanted Arks 1
Broken Gauze of the Enchanted Arks twO
Broken Gauze of the Enchanted Arks tHrEE
Broken Gauze of the Enchanted Arks 4
Broken Gauze of the Enchanted Arks FiVE
Broken Gauze of the Enchanted Arks sIx
Broken Gauze of the Enchanted Arks 7
Broken Gauze of the Enchanted Arks 8
Broken Gauze of the Enchanted Arks 9
Broken Gauze of the Enchanted Arks 10
THE Chilled Trumpet of the Eyes One
THE Chilled Trumpet of the Eyes 2
Chilled Trumpet of the Eyes 3
Chilled Trumpet of the Eyes fOur
Chilled Trumpet of the Eyes 5
THE Chilled Trumpet of the Eyes 6
tHE Chilled Trumpet of the Eyes 7
Chilled Trumpet of the Eyes NiNE
Chilled Trumpet of the Eyes ten
tHe Ebony Fire of Swords 3
Ebony Fire of Swords fOur
Ebony Fire of Swords FivE
Ebony Fire of Swords siX
Ebony Fire of Swords SEveN
THE Ebony Fire of Swords 9
Eulerian Fiery Calculator of Peace eiGhT
Eulerian Ice of Energy
Eulerian Ice of Energy tWo
Eulerian Ice of Energy three
Eulerian Ice of Energy fiVe
ThE Eulerian Ice of Energy 6
Eulerian Ice of Energy 8
Eulerian Ice of Energy 9
Flatulent Bright Boot of Dwarves 1
Flatulent Bright Boot of Dwarves sEvEn
Frozen Rusted Artichoke of Conquering sIX
ThE Large Box of Bluffing
The Large Box of Bluffing sIX
Large Box of Bluffing SEVEn
Large Box of Bluffing NiNE
Lonely Basket of Willpower
tHE Lonely Basket of Willpower 3
Lonely Basket of Willpower 4
Lonely Basket of Willpower FIVE
Lonely Basket of Willpower 6
Lonely Basket of Willpower 7
thE Lonely Basket of Willpower 8
Lonely Basket of Willpower tEN
Musical Skull of Strength TWO
Musical Skull of Strength tHree
THe Musical Skull of Strength FOur
Musical Skull of Strength 5
Musical Skull of Strength 6
Musical Skull of Strength 8
Musical Skull of Strength 10
Rotating Holy Spoon of the Clockwork Lutes two
Rotating Holy Spoon of the Clockwork Lutes 5
THE Rotating Holy Spoon of the Clockwork Lutes 6
Rotating Holy Spoon of the Clockwork Lutes EIghT
Rotating Holy Spoon of the Clockwork Lutes 9
Rotating Holy Spoon of the Clockwork Lutes Ten
thE Round Fierce February of the Mishapen Boxs 8
Rusted Hat of the Pantss 8
THe Savage Terrarium of the Monotone Armoires
Savage Terrarium of the Monotone Armoires fOur
Savage Terrarium of the Monotone Armoires 6
Savage Terrarium of the Monotone Armoires EiGHT
Savage Terrarium of the Monotone Armoires ten
tHe Sundering Impressive Helmet of the Horns
Sundering Impressive Helmet of the Horns 2
Sundering Impressive Helmet of the Horns 3
Sundering Impressive Helmet of the Horns 4
Sundering Impressive Helmet of the Horns FiVE
Sundering Impressive Helmet of the Horns 6
Sundering Impressive Helmet of the Horns 7
Sundering Impressive Helmet of the Horns eIgHt
Sundering Impressive Helmet of the Horns Nine
Sundering Impressive Helmet of the Horns 10
Symbiotic Cape of Fishing tWo
Symbiotic Cape of Fishing fOuR
Symbiotic Cape of Fishing fiVe
tHe Symbiotic Cape of Fishing 8
Symbiotic Cape of Fishing 9
Symbiotic Cape of Fishing tEn
Whirring Ice of Glaciers
Whirring Ice of Glaciers 10
Whispering Warbling Bolas of the Sands FoUr
Whispering Warbling Bolas of the Sands SeVeN

Movie Collection #29:
THe Ancient Vibrant Rotor of History 2
Ancient Vibrant Rotor of History fivE
Ancient Vibrant Rotor of History 7
Ancient Vibrant Rotor of History nine
tHe Arbitrary Icy Staff of the Small Shoes 6
Articulate Tuba of Dwarves 1
The Articulate Tuba of Dwarves Two
Articulate Tuba of Dwarves FOUr
Articulate Tuba of Dwarves 5
Articulate Tuba of Dwarves SIx
Articulate Tuba of Dwarves 9
Articulate Tuba of Dwarves 10
Artificial Icy Box of the Brilliant Paintbrushs 9
Broken Botanical Box of the Shifting Januarys
Broken Botanical Box of the Shifting Januarys 2
Broken Botanical Box of the Shifting Januarys 6
Broken Botanical Box of the Shifting Januarys 9
Broken Botanical Box of the Shifting Januarys TEn
Chaotic Feathered Beetle of Rage Five
Chaotic Feathered Beetle of Rage 6
the Chaotic Feathered Beetle of Rage EigHT
Chaotic Feathered Beetle of Rage 9
Chromatic April of the Raging Scythes SIx
Chromatic April of the Raging Scythes 9
Crimson Guitar of the Bright Claws
Crimson Guitar of the Bright Claws 2
the Crimson Guitar of the Bright Claws 3
THE Crimson Guitar of the Bright Claws FiVe
The Crimson Guitar of the Bright Claws 7
Crimson Guitar of the Bright Claws TEn
thE Ebony Cape of Swords
Ebony Cape of Swords tWo
Ebony Cape of Swords thrEe
Ebony Cape of Swords FOUR
Ebony Cape of Swords siX
thE Ebony Cape of Swords SevEn
The Ebony Cape of Swords 8
THE Ebony Cape of Swords NInE
Ebony Cape of Swords 10
Electric Clog of the Whispering Rotors
thE Electric Clog of the Whispering Rotors 4
The Electric Clog of the Whispering Rotors SeVeN
tHE Electric Clog of the Whispering Rotors eigHt
the Electric Clog of the Whispering Rotors NinE
The Electric Wallet of the Flatulent Marchs TEn
Impressive Bowl of Tranquility
Impressive Bowl of Tranquility 9
thE Ivory Gazebo of Faeries 4
Ivory Gazebo of Faeries 5
Ivory Gazebo of Faeries six
Ivory Gazebo of Faeries 8
Living Haunted Stick of the Holy Pendulums
Living Haunted Stick of the Holy Pendulums FOuR
Living Haunted Stick of the Holy Pendulums FIVE
Living Haunted Stick of the Holy Pendulums 8
Living Haunted Stick of the Holy Pendulums 10
Lock bane Dagger of Dwarves 3
Lock bane Dagger of Dwarves 4
thE Lock bane Dagger of Dwarves 7
tHE Lock bane Dagger of Dwarves 8
Magical Onyx Gord of Skullmashing 1
Magical Onyx Gord of Skullmashing 2
Magical Onyx Gord of Skullmashing 5
The Magical Onyx Gord of Skullmashing sIx
Magical Onyx Gord of Skullmashing 7
Monotone November of Health 2
Monotone November of Health THrEE
Monotone November of Health fouR
Monotone November of Health 5
THe Monotone November of Health 6
Monotone November of Health seveN
Monotone November of Health eiGhT
tHE Monotone November of Health NinE
Monotone November of Health 10
Onyx Archaic Pendulum of Foraging 2
THe Onyx Archaic Pendulum of Foraging ThrEe
Onyx Archaic Pendulum of Foraging 5
the Onyx Archaic Pendulum of Foraging SIx
Onyx Archaic Pendulum of Foraging EiGht
Round Dagger of Mana 2
Round Dagger of Mana eight
Round Vibrant Box of the Slippery Binders 8
Savage Stupendous Halo of Pilfering tWO
Savage Stupendous Halo of Pilfering 4
Savage Stupendous Halo of Pilfering FIvE
tHe Savage Stupendous Halo of Pilfering 6
Savage Stupendous Halo of Pilfering 8
tHE Savage Trooper of the Rusted Daggers siX
Savage Trooper of the Rusted Daggers 7
thE Savage Trooper of the Rusted Daggers EIGht
Savage Trooper of the Rusted Daggers 9
Scientific Bright Horn of Roughhousing
ThE Scientific Bright Horn of Roughhousing 2
Scientific Bright Horn of Roughhousing fOUr
Scientific Bright Horn of Roughhousing 5
Scientific Bright Horn of Roughhousing sIx
Scientific Bright Horn of Roughhousing 7
Scientific Bright Horn of Roughhousing 8
Scientific Bright Horn of Roughhousing nInE
Shimmering October of Roughhousing 3

Movie Collection #30:
Ancient Oozing Eye of Infinity 5
Ancient Oozing Eye of Infinity 6
Ancient Oozing Eye of Infinity 9
Archaic Gazebo of the Frozen Pauldrons 8
Artificial Cape of the Dark Mays 3
Artificial Cape of the Dark Mays TeN
THE Blessed Box of the Lonely Horns 6
Blessed Box of the Lonely Horns NiNe
Blessed Box of the Lonely Horns Ten
Blessed Dagger of Declawing 5
Blessed Rotting Ice of Charisma fOuR
the Blessed Rotting Ice of Charisma EigHT
THE Broken Rabbit of the Swelling Diarys 5
Broken Rabbit of the Swelling Diarys siX
Broken Warbling Dagger of the Mishapen Octobers 9
Broken Warbling Dagger of the Mishapen Octobers 10
Crusty Dagger of Critiquing 6
Crusty Poisoned Whistle of Computing Four
Dark Edged Cape of Horticulture 3
Dark Edged Cape of Horticulture 6
Demonic Beetle of the Eulerian Staffs Two
tHE Demonic Beetle of the Eulerian Staffs 7
Demonic Iron Calculator of the Bolass 1
the Demonic Iron Calculator of the Bolass ThreE
The Demonic Iron Calculator of the Bolass 9
Dim Sash of Energy SevEn
thE Edged Large April of the Whirring Helmets FOUR
Electric Sash of Mana ThrEe
Electric Sash of Mana 10
The Eulerian Cracked Papaya of Vampirism tHreE
Eulerian Cracked Papaya of Vampirism 9
Fierce Symbiotic Dagger of the Swords fouR
Fierce Symbiotic Dagger of the Swords niNE
the Fiery Wallet of the Large Horns
Fiery Wallet of the Large Horns 4
Fiery Wallet of the Large Horns 7
Freezing Chaotic Helmet of Anguish 8
Freezing Chaotic Helmet of Anguish 10
Freezing Ether of the Claws two
The Freezing Ether of the Claws 3
Freezing Ether of the Claws NINe
Frozen Gassy Sand of the Ethers Six
Frozen Gassy Sand of the Ethers 8
tHE Frozen Gassy Sand of the Ethers teN
Frozen Ornate Claw of Singing 2
THE Frozen Ornate Claw of Singing sevEN
Greater Notebook of the Scythes tHreE
THe Holy Shoe of Tradewinds FOur
Holy Shoe of Tradewinds 6
thE Holy Shoe of Tradewinds eight
Immersive Dark Hat of the Rambunctious Ices 2
Immersive Dark Hat of the Rambunctious Ices 3
Immersive Dark Hat of the Rambunctious Ices 7
Immersive Glaive of the Vibrant Pendulums THREe
Iron Electric Roomba of the Clocks fOUr
tHE Lesser Dorf of Dexterity 5
Lesser Dorf of Dexterity SeveN
Lesser Dorf of Dexterity Ten
Mishapen Savage January of the Azure Hats 1
Mishapen Savage January of the Azure Hats 7
Monotone January of the Sacks FOUr
the Musical Gauze of the Potions fOUR
Musical Gauze of the Potions 6
The Musical Gauze of the Potions SEvEn
Ochre February of Faeries eIGht
Ochre February of Faeries ten
The Oozing Trumpet of the Wallets tEn
Orange Bouncing Bone of the Swords ONe
Orange Bouncing Bone of the Swords 8
Phthalo Phial of Anguish SIx
Rotating Horn of the Demonic Octobers 4
Rotating Horn of the Demonic Octobers eIgHT
Rotating Horn of the Demonic Octobers 10
Rotating Notebook of the Vorpal Staffs EiGht
Rotting Stupendous Guitar of Health 3
Rotting Stupendous Guitar of Health 9
tHe Savage Miasma of Conquering 6
ThE Savage Miasma of Conquering nIne
Scientific Magician of Fishing 8
Shimmering Bottle of Suckling 5
Shimmering Bottle of Suckling six
THe Shocking Book of the Arcane Crests
Shocking Book of the Arcane Crests 2
Shocking Book of the Arcane Crests 3
Sundering Yellow Emerald of Energy 7
Unholy Demonic Bolas of Invincibility 4
Unholy Demonic Bolas of Invincibility 9
ThE Volatile Trumpet of the Locks 9
Vorpal Artichoke of the Purple Scepters OnE
Vorpal Artichoke of the Purple Scepters 2
The Vorpal Artichoke of the Purple Scepters 7
Vorpal Stupendous Vortex of Depawing 4
Vorpal Stupendous Vortex of Depawing eIGht
Vorpal Stupendous Vortex of Depawing 10
Vorpal Tuba of the Smoking Lockpicks THREe
Vorpal Tuba of the Smoking Lockpicks fOUr
tHE Vorpal Tuba of the Smoking Lockpicks 8
Yellow Bouncing Axe of Frollicking FIVE
Yellow Bouncing Axe of Frollicking 7
THe Yellow Bouncing Axe of Frollicking 10

Movie Collection #31:
Amplified Helmet of Faeries 2
Archaic Bouncing August of the Frozen Vials siX
Archaic Bouncing August of the Frozen Vials 7
Archaic Light Diamond of Frollicking 4
tHE Archaic Light Diamond of Frollicking 9
Artificial Helmet of Fishing
Axiomatic Mishapen Bottle of Suckling
tHe Black May of the Amulets Two
the Black May of the Amulets nine
Blessed Lonely Cape of the Dorfs FouR
Blessed Lonely Cape of the Dorfs 10
Blessed Ruby of the Emblems
tHE Blessed Ruby of the Emblems tHRee
Blessed Ruby of the Emblems ten
Bouncing Keen Gauze of Infinity SIx
Careful Calculator of Infinity 4
Chaotic Bouncing Blouse of Faeries 2
Chaotic Bouncing Blouse of Faeries 10
Cracked Dorf of the Onyx Wallets
the Cracked Dorf of the Onyx Wallets 10
Dark December of the Wallets 4
THe Dripping Tuba of the Ebony Tubas 5
Dripping Tuba of the Ebony Tubas eigHT
The Edged Rotating Hat of the Ivory Arks 3
Edged Trooper of the Whistles 7
Enchanted Gazebo of the Immersive Clogs tEN
Eulerian Whirring Bone of Declawing 2
Eulerian Whirring Bone of Declawing eIghT
Eulerian Whirring Bone of Declawing 10
Flying Dwarf of the Vibrant Augusts 2
Flying Dwarf of the Vibrant Augusts EiGhT
Frozen Horn of the Vorpal Spoons TwO
Frozen Horn of the Vorpal Spoons sIx
tHE Frozen Horn of the Vorpal Spoons 10
tHE Greater Emblem of Charging 6
Greater Emblem of Charging 7
Greater Shocking Slinky of the Bolass SIx
tHe Greater Shocking Slinky of the Bolass nInE
Greater Shocking Slinky of the Bolass TEn
Green Corpulent Wallet of the Crossbows 9
The Holy Frozen Bolas of Harmony 8
tHe Holy Wallet of the Ices 2
Holy Wallet of the Ices 4
tHE Holy Wallet of the Ices 5
Icy Stupendous Coin of the Gassy Magicians FoUR
Icy Stupendous Coin of the Gassy Magicians sEVen
Impressive Gauze of the Tubas tWo
Impressive Gauze of the Tubas FiVE
Impressive Gauze of the Tubas SIX
Lonely Emblem of Suckling 2
Lonely Emblem of Suckling 6
the Lonely Emblem of Suckling ninE
tHE Mishapen Bone of Tsundering 2
The Mishapen Bone of Tsundering fouR
Mishapen Bone of Tsundering 5
Mishapen Chaotic Chalice of Critiquing two
Mishapen Chaotic Chalice of Critiquing fIVE
Mishapen Chaotic Chalice of Critiquing 8
THe Musical Ancient Boot of the Blouses twO
Musical Ancient Boot of the Blouses tHREe
Musical Ancient Boot of the Blouses 6
tHE Odorless Demonic Engine of Vampirism 7
Odorless Gazebo of the Greater Magicians tWO
Odorless Gazebo of the Greater Magicians fiVe
Odorless Gazebo of the Greater Magicians seVeN
Orange Staff of the Corpulent Artichokes
Orange Staff of the Corpulent Artichokes sevEn
THE Ornate Engine of the Freezing Binders tHReE
Ornate Engine of the Freezing Binders NinE
Ornate Engine of the Freezing Binders 10
thE Phthalo Chilled Hat of Destiny SIx
The Phthalo Round Knife of the Emeralds oNE
Phthalo Round Knife of the Emeralds 5
Phthalo Round Knife of the Emeralds 9
Raging Pick of Singing 2
Raging Pick of Singing thREe
tHE Raging Pick of Singing teN
The Red Ochre Wallet of Giants tHRee
THe Red Ochre Wallet of Giants TEN
Red Small Hammer of the Fierce Beetles TWo
Rotting Emblem of Dwarves Six
the Rotting Emblem of Dwarves 10
Round Gassy Dreidel of the Stupendous Glaives
Savage Cord of the Chromatic Chalices 5
Savage Cord of the Chromatic Chalices seVEn
Scientific October of Horticulture 6
thE Scientific October of Horticulture 10
Shifting Fire of the Ancient Mugs 2
Shifting Fire of the Ancient Mugs fIVe
the Shifting Fire of the Ancient Mugs 10
Swelling Green Box of Decay 3
Swelling Green Box of Decay 5
Swelling Green Box of Decay SIX
Vibrant Rotting Potion of Foraging one
thE Vibrant Rotting Potion of Foraging 6
White July of Peace 2
White July of Peace 6
White July of Peace sevEn
Yellow Orb of Hollering ONE
Yellow Orb of Hollering fOUR

Movie Collection #32:
Acidic Artichoke of Critiquing NiNE
Arbitrary Cross of the Calculators 2
THe Arbitrary Cross of the Calculators 8
Arcane Frozen Cape of Dragons FoUR
Arcane Frozen Cape of Dragons 10
Arcane Sack of Critiquing ThRee
Arcane Sack of Critiquing SeVEn
tHe Bright Ball of Foraging 4
The Bright Boot of Foraging 4
Chaotic Articulate Lockpick of the Guitars Three
Chaotic Articulate Lockpick of the Guitars SIX
Chaotic Articulate Lockpick of the Guitars 9
THe Chaotic Box of Destiny oNe
Chaotic Box of Destiny SeVEN
Chaotic Box of Destiny 9
Chilled Unholy Pick of the Wet Dwarfs 2
Chilled Unholy Pick of the Wet Dwarfs fivE
Clockwork Scientific Flame of Singing 9
Cracked Flatulent November of the Ochre Wands Nine
ThE Crumbling Ancient Ark of Swords 2
THE Crumbling Ancient Ark of Swords thRee
ThE Crumbling Ancient Drumset of Foraging 9
Crumbling August of the Vials
Crumbling August of the Vials 4
THe Crumbling August of the Vials 5
Crusty Green Mug of the Eyes EiGhT
Crusty Green Mug of the Eyes ten
Demonic Fire of Critiquing 5
Demonic Fire of Critiquing 6
Disproportionate Phial of Swords 6
The Edged Savage Knife of Anguish 8
Edged Savage Knife of Anguish 10
The Feathered Box of Willpower 7
The Feathered Drumset of the Phials sIX
Feathered Drumset of the Phials nine
Fierce Large Axe of Flaying 5
Fierce Large Axe of Flaying 10
thE Flying Ebony Gauze of Willpower SEvEn
Flying Wet Ark of the Pendulums
Frigid Amplified Bottle of Magi 7
Frigid Amplified Bottle of Magi TEn
tHE Frozen Claw of the Rotating Armoires
Gassy Green Sand of the Enchanted Emeralds fOUR
THE Gassy Green Sand of the Enchanted Emeralds 7
tHE Haunted Cord of Energy
Haunted Cord of Energy 6
tHE Haunted Cord of Energy 8
Impressive Ark of the Onyx Sacks
Impressive Ark of the Onyx Sacks 7
Large Sash of Willpower
Large Sash of Willpower 5
Lesser Cracked Ruby of Depawing 4
Lesser Cracked Ruby of Depawing SIx
Light Slippery Chalice of Unclogging 5
Light Slippery Chalice of Unclogging eIGht
Light Warbling Cross of Critiquing EiGHt
Living March of the Hourglasss 2
Living March of the Hourglasss FOUr
Living March of the Hourglasss TEN
Lonely Staff of History eIgHT
tHe Lonely Staff of History tEN
Mishapen Vial of Swords six
Mishapen Vial of Swords NIne
the Musical Cracked Dwarf of the Red Diamonds TWo
Ochre Scepter of Grinding
Oozing Rusted Scythe of the Corpulent Masks 8
Orange Relic of Harmony
Orange Relic of Harmony 3
Orange Relic of Harmony tEn
Raging Iron Sand of the Sacks 1
Raging Stupendous Chalice of Charisma 1
Raging Stupendous Chalice of Charisma fivE
Raging Stupendous Chalice of Charisma sEveN
Red Flying April of the Phials sEven
tHE Rotating Drumset of Destiny EIGHt
Rotating Drumset of Destiny Ten
Round Purple April of the Sticks
THe Round Purple April of the Sticks 5
Round Purple April of the Sticks tEn
Rusted Helmet of the Monotone Clogs
Savage Articulate Coin of the Vibrant Lockpicks 2
Savage Articulate Coin of the Vibrant Lockpicks 9
Savage Articulate Coin of the Vibrant Lockpicks 10
tHE Savage Raging Deck of Charisma thReE
Shifting Demonic Stick of the Azure Balls 5
Shifting Demonic Stick of the Azure Balls Six
THe Shifting Demonic Stick of the Azure Balls tEn
Small Bright Armoire of the Eyes SIx
tHE Warbling Diamond of the Artificial Boxs 10
Wet Fierce Sash of Vampirism 5
Wet Fierce Sash of Vampirism 9
Wet Icy Flame of the Arbitrary Balls nine
Whispering Green Sand of the Enchanted Halos oNe
Whispering Green Sand of the Enchanted Halos 9
Whispering Green Sand of the Enchanted Halos TEn
ThE White Chalice of the Living Boots 1
White Chalice of the Living Boots SEVEn
White Chalice of the Living Boots eiGht
Yellow Amplified Lute of the Monotone Gords 2
tHE Yellow Smoking Gazebo of Heat twO

Movie Collection #33:
Acidic Scientific Phial of Skullmashing 7
Acidic Scientific Phial of Skullmashing 9
THE Amplified Orange Crossbow of Frollicking
Amplified Orange Crossbow of Frollicking 3
Amplified Orange Crossbow of Frollicking NiNe
Amplified Pauldron of the Pauldrons 3
Amplified Pauldron of the Pauldrons 5
Arbitrary Yellow Scepter of Charisma 4
Arcane July of the Rotting Trumpets 3
Arcane July of the Rotting Trumpets SEVen
THe Archaic Fierce Ether of the Bowls 4
Archaic Fierce Ether of the Bowls 8
The Archaic Fierce Ether of the Bowls 9
the Artificial Corpulent Flame of Depawing 3
tHE Artificial Corpulent Flame of Depawing fouR
Artificial Corpulent Flame of Depawing 7
Axiomatic Vibrant Bolas of Energy Five
THE Black Edged Roomba of the Wallets
Black Edged Roomba of the Wallets 5
the Blessed Phial of the Spines TWO
Blessed Phial of the Spines 10
Blue Lesser Terrarium of Beasts 1
Blue Lesser Terrarium of Beasts TwO
Blue Lesser Terrarium of Beasts sEVen
Botanical Shoe of the Bouncing Paintbrushs SeveN
Careful Lute of the Sands seVEn
Careful Lute of the Sands niNE
Chaotic Deck of the Swords sIx
Chromatic Acidic Box of Peace fIve
Chromatic Acidic Box of Peace sevEN
tHe Chromatic Acidic Box of Peace 10
Disproportionate Amulet of Peace
Disproportionate Amulet of Peace 7
Edged Whirring Rotor of the Iron Gauzes FIVe
THe Feathered Deck of the Blessed Hats
ThE Fierce November of Willpower NiNE
Flatulent Swelling Bone of the Botanical Masks 4
Flatulent Swelling Bone of the Botanical Masks 5
Flatulent Swelling Bone of the Botanical Masks 10
tHe Frozen Botanical Wallet of Dwarves TWO
Frozen Botanical Wallet of Dwarves 4
tHE Frozen Botanical Wallet of Dwarves 7
Frozen Vial of Glaciers 5
Glowing Acidic Hammer of the Trumpets 4
tHe Glowing Acidic Hammer of the Trumpets 8
tHE Greater Blue Box of Suckling TWO
Green Spine of the Dark Artichokes twO
Green Spine of the Dark Artichokes 9
Holy Skull of the Feathered Scepters 3
Holy Skull of the Feathered Scepters Six
Icy Holy Whistle of Glaciers ThreE
Impressive Flaming Ruby of Hollering TwO
THe Impressive Flaming Ruby of Hollering Four
Large Chalice of the Phthalo Junes 2
The Large Chalice of the Phthalo Junes 8
Large Chalice of the Phthalo Junes 9
Large Trumpet of the Troopers 1
THE Large Trumpet of the Troopers fIVe
The Lesser Symbiotic Halo of the Relics fouR
THE Light Spine of Rage 4
ThE Light Spine of Rage Eight
Living January of Anguish 5
Living Lute of Rage 6
Living Sword of Strength EigHt
tHe Lonely December of Strength thReE
Lonely December of Strength 4
Monotone Blessed Binder of the Scythes 3
Monotone Blessed Binder of the Scythes ninE
Monotone Oozing Lockpick of Roughhousing 6
Ornate Crumbling Potion of Declawing FOuR
The Ornate Crumbling Potion of Declawing 5
Purple Cracked Vial of Fretting OnE
Purple Cracked Vial of Fretting EigHT
Rotating Edged Fire of Destiny 1
Rotating Edged Fire of Destiny Two
Rotating Edged Fire of Destiny six
THE Round Gauze of the Crosss ThrEe
Round Gauze of the Crosss fIVe
thE Round Gauze of the Crosss 8
Savage Vorpal Engine of the Locks 6
The Scientific Sash of the Arks NiNE
tHE Shimmering Flame of the Drumsets fOuR
thE Shimmering Flame of the Drumsets 6
Shimmering Glaive of the Februarys 4
THe Shimmering Glaive of the Februarys 5
Shimmering Glaive of the Februarys SEvEn
Slippery Papaya of Tsundering THRee
Slippery Papaya of Tsundering teN
Sundering Horn of Declawing 2
the Sundering Horn of Declawing EIght
Volatile Immersive Clock of the Vortexs SIx
Volatile Immersive Clock of the Vortexs eiGht
Vorpal Whispering Shoe of Tsundering ONE
Vorpal Whispering Shoe of Tsundering tHREe
Vorpal Whispering Shoe of Tsundering SEveN
Whirring March of Charging 10
Whispering Sack of Rage SeVEn
Whispering Sack of Rage ten
White Calculator of Dragons 3
White Calculator of Dragons SEven

Movie Collection #34:
Ancient Chaotic Gord of Computing
Ancient Chaotic Gord of Computing TwO
Ancient Chaotic Gord of Computing thrEe
Ancient Raging Knife of the Lutes 3
Ancient Raging Knife of the Lutes EighT
Arcane Stick of the Savage Mugs SEven
thE Blue December of Grinding 3
The Blue December of Grinding FouR
The Bouncing Wet February of the Calculators five
thE Bright Cape of the Eulerian Bones 5
Bright Coin of the Savage Capes tHreE
THE Bright Coin of the Savage Capes FoUr
Bright Coin of the Savage Capes 8
Bright Phial of the Flatulent Gords TWo
Bright Phial of the Flatulent Gords 8
The Bright Phial of the Flatulent Gords 9
Careful Green Bone of the Horns 9
Chilled Frigid July of Dwarves
THE Chilled Frigid July of Dwarves 4
tHE Chilled January of Dwarves tWo
THE Chilled January of Dwarves four
THE Chilled January of Dwarves NiNE
Chromatic Ancient Rabbit of the Staffs
The Chromatic Ancient Rabbit of the Staffs fivE
Chromatic Paintbrush of Decay 8
Corpulent Trumpet of Frollicking SIX
Corpulent Trumpet of Frollicking 7
Crimson Vortex of the Spines twO
Crimson Vortex of the Spines 10
Demonic Brilliant December of the Mugs 5
The Demonic Orb of the Smoking Artichokes 10
The Demonic Sash of Tsundering SiX
Demonic Sash of Tsundering sEVeN
THe Demonic Sash of Tsundering 10
THE Dripping Freezing Horn of the Haunted Picks 2
Dripping Freezing Horn of the Haunted Picks fouR
Electric January of Invincibility THRee
THe Electric January of Invincibility 10
The Electric Mug of the Shimmering Bowls 3
The Eulerian Ancient Papaya of Bluffing 3
Eulerian Ancient Papaya of Bluffing 8
THE Eulerian Ancient Papaya of Bluffing teN
Feathered Deck of the Novembers 1
Feathered Deck of the Novembers 2
ThE Feathered Deck of the Novembers 7
ThE Frozen Shifting Dagger of Frollicking 2
thE Frozen Shifting Dagger of Frollicking 7
Frozen Wand of Energy 5
Frozen Wand of Energy 7
THe Glowing Armoire of Strength
Glowing Armoire of Strength 6
Glowing Oozing Box of the Frozen Daggers sEvEN
Glowing Oozing Box of the Frozen Daggers 10
Haunted Living September of the Julys 4
The Haunted Living September of the Julys niNe
Immersive Frigid Trumpet of Strength
Immersive Frigid Trumpet of Strength FOUR
Immersive Frigid Trumpet of Strength 10
tHE Immersive Orb of the Black Pauldrons 5
Immersive Orb of the Black Pauldrons 6
Immersive Orb of the Black Pauldrons 8
Iron Glowing Clock of Singing TeN
Ivory Edged Hourglass of the Demonic Ethers THree
Ivory Edged Hourglass of the Demonic Ethers SEVEN
Ivory Edged Hourglass of the Demonic Ethers NiNE
Living Chromatic Clog of Flaying 3
Living Chromatic Clog of Flaying 4
Living Chromatic Clog of Flaying EIGHT
thE Magical Amulet of Magi TwO
Magical Amulet of Magi THreE
Magical Amulet of Magi NINe
Odorless Brilliant Eye of Horticulture 5
Orange Lock of the Volatile Sacks fiVe
Orange Lock of the Volatile Sacks NInE
The Ornate Glowing Fire of the Trumpets 2
Ornate Glowing Fire of the Trumpets 3
Purple Hammer of Infinity 6
Rotating Chalice of the Hourglasss 2
THE Rotating Chalice of the Hourglasss 5
Rotating Chalice of the Hourglasss 9
Rotating Purple Emblem of Rage 3
ThE Shifting Boot of the Haunted Dorfs eiGht
Slippery Sack of the Immersive Coins 9
Small Knife of the Black Decks ONe
Small Knife of the Black Decks five
Small Knife of the Black Decks 9
THE Smoking Lesser Cape of the Fierce Wands sEVen
thE Smoking Lesser Cape of the Fierce Wands 8
Swelling Cup of the Small Mugs
THE Swelling Cup of the Small Mugs twO
Swelling Cup of the Small Mugs seVEn
Symbiotic Purple Lock of Conquering 2
Symbiotic Purple Lock of Conquering 4
Symbiotic Purple Lock of Conquering nInE
Unholy Rotating Ether of Energy fOUR
Vibrant Mishapen Sash of the Junes 4
Vorpal Lute of Decay
Whirring Smoking Mug of the Rotating Vials
Whirring Smoking Mug of the Rotating Vials fOur
Whirring Smoking Mug of the Rotating Vials 8

Movie Collection #35:
ACIdIC dwarF twO
The acidiC dwaRf 5
ArCAnE COrD fOuR
the aRCANE CORD FiVE
THE ArcANe CorD 6
ThE ARCANE coRD 7
ArCANe COrD 8
ARcANe cORD 9
aRcANE CoRD Ten
deMonic BiNDeR FiVE
demonic bInDeR tEn
FIeRce BoNe 1
ThE FIErCE BONe tWO
tHe fiErCE bONE 3
fIERcE BONe 4
FIERcE bOnE 5
fIerCE BONE siX
fieRCE BoNe SevEN
FiErCE BONE EIGHT
THe FIeRCe boNE NIne
fiErcE BoNE 10
tHe fIerCE liGht aXE 1
FiErCe LIght aXe TWO
FiErce lIght AXe ThrEe
tHE fierCE LiGHt axE Four
FIERce LIgHT axE six
fIeRCe LIGht aXE 7
FIERce lIghT AxE 8
FIErCe lIGHT AxE nINE
tHE FieRCE lIgHt aXE 10
tHE FRiGID cLOG TwO
the FRiGid clOg 7
frIgiD cLoG Nine
frozen boOT onE
frOZEn boot tWO
THe FRozEN booT 3
fROzEN BoOt four
fRoZen BOOt 5
THE FrOZen bOot siX
THe frOZEn bOoT 7
frozEN BOOT EigHt
FROZeN BOOT 9
frozEN BOOT 10
thE IMpressivE arK 2
THe ImPresSIve ARK ThReE
iMpRESsIvE aRK 4
ImprEsSIvE ARK 6
tHE LArge spoOn 3
LaRGE SPOOn 10
ThE MiShAPEN CROwn 2
ThE MisHApEN CROWn 3
the MIsHapeN CROwN FOUR
mIshApen cRown Six
Mishapen Wallet
MiSHAPeN wAlLET 2
MiSHAPeN WALLEt 3
MisHapEN wALlET 4
MISHaPen wALleT 5
MiSHapen walLeT 6
misHaPEn waLLET 7
MiSHaPEn WALLET NinE
MiSHApeN walLeT tEn
thE musiCAl SpOON two
odorlEss dReiDel One
OdoRLEsS DreiDel 5
tHe odORleSs DReidEl siX
oDORlEsS DReIdeL niNE
the oDoRLeSs DreiDEL 10
rED sACk OF the CaPes one
REd sack Of tHe Capes 4
the Red sacK of The CApeS FiVe
the red SAcK Of ThE cAPEs SEvEn
Red Scythe
tHe rED SCyTHE ThREe
THE RED sCYThe 4
THe ReD sCYTHE 5
ReD sCYtHe 6
THe RED SCYtHe sEVEn
Red sCYThe 8
thE ReD SCYtHE ninE
REd ScythE ten
Rotting Paintbrush of the Claws
ROTting paiNtBruSh oF The claws TWO
rOttinG paInTBrUsH OF tHe ClawS three
tHe rotTiNg pAINTbrush of THe CLaWS 4
ROttinG paintbrUsH oF THe clawS 5
rOTting PAINtbRuSh of ThE cLaWs SiX
rOtTinG PAINTbruSh Of tHe ClawS 8
rottinG pAinTBRuSh OF ThE Claws nInE
ROtting PAintbRuSh oF thE ClAws 10
the scIEntIFiC tuba tWO
ScIEnTIFiC TUBa SIX
tHe ScientIFIc tuBA 7
the scIENTIfic tuBa 9
SCIenTIFiC tUbA 10
SmOking vIaL THree
SmOkInG ViAL 5
SMoKinG vial 8
wHirRInG hOURGlAss 3
WhirriNG HOUrGlasS eigHT

Movie Collection #36:
ch any of them and I sat through all of aeon flux
The Very Last Case in the Input File Also it is F
zifty Characters Long to Ensure We Test this Aspe
zzct of the Problem Statement Though I am Not Cer
zzztain Whether or not These Movie Title are Very
zzzz Interesting I mean I certainly would not wat

